<?xml version="1.0" encoding="UTF-8"?>
<testsuite name="ucf.assignments.InventoryTest" tests="8" skipped="0" failures="0" errors="0" timestamp="2021-07-25T13:49:14" hostname="DESKTOP-PV2OI3M" time="0.026">
  <properties/>
  <testcase name="editItemSerialNumber1()" classname="ucf.assignments.InventoryTest" time="0.016"/>
  <testcase name="editItemSerialNumber2()" classname="ucf.assignments.InventoryTest" time="0.002"/>
  <testcase name="addItem1()" classname="ucf.assignments.InventoryTest" time="0.002"/>
  <testcase name="addItem2()" classname="ucf.assignments.InventoryTest" time="0.002"/>
  <testcase name="addItem3()" classname="ucf.assignments.InventoryTest" time="0.001"/>
  <testcase name="addItem4()" classname="ucf.assignments.InventoryTest" time="0.0"/>
  <testcase name="editItemName()" classname="ucf.assignments.InventoryTest" time="0.0"/>
  <testcase name="removeItem()" classname="ucf.assignments.InventoryTest" time="0.001"/>
  <system-out><![CDATA[]]></system-out>
  <system-err><![CDATA[]]></system-err>
</testsuite>
