<?xml version="1.0" encoding="UTF-8"?>
<testsuite name="ucf.assignments.ItemTest" tests="4" skipped="0" failures="0" errors="0" timestamp="2021-07-25T00:40:48" hostname="DESKTOP-PV2OI3M" time="0.018">
  <properties/>
  <testcase name="getName()" classname="ucf.assignments.ItemTest" time="0.015"/>
  <testcase name="getMonetaryValue1()" classname="ucf.assignments.ItemTest" time="0.001"/>
  <testcase name="getMonetaryValue2()" classname="ucf.assignments.ItemTest" time="0.001"/>
  <testcase name="getSerialNumber()" classname="ucf.assignments.ItemTest" time="0.001"/>
  <system-out><![CDATA[]]></system-out>
  <system-err><![CDATA[]]></system-err>
</testsuite>
